[+] Containers:
 |- [+] Container: /Game/FirstPerson/Maps/Mathis_GhostrunnerMap
 |   |- [+] ActorDescs:
 |   |   |- Guid:4F66494D4E066FFA4FA69C98847CE1CA BaseClass: NativeClass:/Script/Engine.WorldDataLayers Name:WorldDataLayers Label:WorldDataLayers SpatiallyLoaded:0 Bounds:Invalid RuntimeGrid:None EditorOnly:0 RuntimeOnly:0 HLODRelevant:0 ListedInSceneOutliner:1 IsMainWorldOnly:1
 |   |- [+] Clusters:
 |   |   |- [+] [  0]
 |   |   |   |- Guid:4F66494D4E066FFA4FA69C98847CE1CA BaseClass: NativeClass:/Script/Engine.WorldDataLayers Name:WorldDataLayers Label:WorldDataLayers SpatiallyLoaded:0 Bounds:Invalid RuntimeGrid:None EditorOnly:0 RuntimeOnly:0 HLODRelevant:0 ListedInSceneOutliner:1 IsMainWorldOnly:1
 |- ContainerInstances:
 |- [+] MainContainer:
 |   |-        ID: 00000000000000000000000000000000
 |   |-  ParentID: 00000000000000000000000000000000
 |   |-    Bounds: IsValid=false, Min=(X=0.000 Y=0.000 Z=0.000), Max=(X=0.000 Y=0.000 Z=0.000)
 |   |- Transform: 0.000000,0.000000,0.000000|0.000000,0.000000,-0.000000|1.000000,1.000000,1.000000
 |   |- Container: /Game/FirstPerson/Maps/Mathis_GhostrunnerMap
----------------------------------------------------------------------------------------------------------------
Mathis_GhostrunnerMap - Persistent Level
----------------------------------------------------------------------------------------------------------------
[+] Content of Mathis_GhostrunnerMap Persistent Level
 |- Always loaded Actor Count: 1 
 |- Actor Path: /Game/FirstPerson/Maps/Mathis_GhostrunnerMap.Mathis_GhostrunnerMap:PersistentLevel.WorldDataLayers
 |- Actor Package: /Game/__ExternalActors__/FirstPerson/Maps/Mathis_GhostrunnerMap/4/OB/16UD7ZNNZ8H1LWWB352935

----------------------------------------------------------------------------------------------------------------
Mathis_GhostrunnerMap - Runtime Hash Set
----------------------------------------------------------------------------------------------------------------

