[+] Containers:
 |- [+] Container: /Game/Maps/LVL_Match
 |   |- [+] ActorDescs:
 |   |   |- Guid:2FB58999456391D349DC0F86DAC136ED BaseClass: NativeClass:/Script/Engine.SkyLight Name:SkyLight_1 Label:SkyLight SpatiallyLoaded:0 Bounds:IsValid=true, Min=(X=0.000 Y=0.000 Z=690.000), Max=(X=0.000 Y=0.000 Z=690.000) RuntimeGrid:None EditorOnly:0 RuntimeOnly:0 HLODRelevant:0 ListedInSceneOutliner:1 IsMainWorldOnly:0 FolderPath:Lighting FolderGuid:963EC3EB4002CCE9759E2EBA541A873A
 |   |   |- Guid:3A00AA1C422CE54C0BDB60BAF471BFBB BaseClass: NativeClass:/Script/Engine.PlayerStart Name:PlayerStart_0 Label:PlayerStart SpatiallyLoaded:0 Bounds:IsValid=true, Min=(X=225.000 Y=-80.000 Z=75.013), Max=(X=305.000 Y=0.000 Z=259.013) RuntimeGrid:None EditorOnly:0 RuntimeOnly:0 HLODRelevant:0 ListedInSceneOutliner:1 IsMainWorldOnly:0
 |   |   |- Guid:5DC38D8344928E089B5165B7C641559E BaseClass:/Game/Procedural_Dungeon/BP_DungeaonGenerator.BP_DungeaonGenerator_C NativeClass:/Script/Engine.Actor Name:BP_DungeaonGenerator_C_UAID_B0227AED52A1F73602_1872382992 Label:BP_DungeaonGenerator SpatiallyLoaded:1 Bounds:IsValid=true, Min=(X=0.000 Y=0.000 Z=0.000), Max=(X=0.000 Y=0.000 Z=0.000) RuntimeGrid:None EditorOnly:0 RuntimeOnly:0 HLODRelevant:0 ListedInSceneOutliner:1 IsMainWorldOnly:0
 |   |   |- Guid:6BAF4DDD444C60371492D3919DB42C97 BaseClass: NativeClass:/Script/Engine.WorldDataLayers Name:WorldDataLayers Label:WorldDataLayers SpatiallyLoaded:0 Bounds:Invalid RuntimeGrid:None EditorOnly:0 RuntimeOnly:0 HLODRelevant:0 ListedInSceneOutliner:1 IsMainWorldOnly:1
 |   |   |- Guid:F5E3FEB3450C49844FD93DA8E083C8AD BaseClass: NativeClass:/Script/Engine.PostProcessVolume Name:PostProcessVolume_0 Label:PostProcessVolume SpatiallyLoaded:0 Bounds:IsValid=true, Min=(X=0.000 Y=0.000 Z=400.000), Max=(X=200.000 Y=200.000 Z=600.000) RuntimeGrid:None EditorOnly:0 RuntimeOnly:0 HLODRelevant:0 ListedInSceneOutliner:1 IsMainWorldOnly:0 FolderPath:Lighting FolderGuid:963EC3EB4002CCE9759E2EBA541A873A
 |   |- [+] Clusters:
 |   |   |- [+] [  0]
 |   |   |   |- Guid:2FB58999456391D349DC0F86DAC136ED BaseClass: NativeClass:/Script/Engine.SkyLight Name:SkyLight_1 Label:SkyLight SpatiallyLoaded:0 Bounds:IsValid=true, Min=(X=0.000 Y=0.000 Z=690.000), Max=(X=0.000 Y=0.000 Z=690.000) RuntimeGrid:None EditorOnly:0 RuntimeOnly:0 HLODRelevant:0 ListedInSceneOutliner:1 IsMainWorldOnly:0 FolderPath:Lighting FolderGuid:963EC3EB4002CCE9759E2EBA541A873A
 |   |   |- [+] [  1]
 |   |   |   |- Guid:3A00AA1C422CE54C0BDB60BAF471BFBB BaseClass: NativeClass:/Script/Engine.PlayerStart Name:PlayerStart_0 Label:PlayerStart SpatiallyLoaded:0 Bounds:IsValid=true, Min=(X=225.000 Y=-80.000 Z=75.013), Max=(X=305.000 Y=0.000 Z=259.013) RuntimeGrid:None EditorOnly:0 RuntimeOnly:0 HLODRelevant:0 ListedInSceneOutliner:1 IsMainWorldOnly:0
 |   |   |- [+] [  2]
 |   |   |   |- Guid:5DC38D8344928E089B5165B7C641559E BaseClass:/Game/Procedural_Dungeon/BP_DungeaonGenerator.BP_DungeaonGenerator_C NativeClass:/Script/Engine.Actor Name:BP_DungeaonGenerator_C_UAID_B0227AED52A1F73602_1872382992 Label:BP_DungeaonGenerator SpatiallyLoaded:1 Bounds:IsValid=true, Min=(X=0.000 Y=0.000 Z=0.000), Max=(X=0.000 Y=0.000 Z=0.000) RuntimeGrid:None EditorOnly:0 RuntimeOnly:0 HLODRelevant:0 ListedInSceneOutliner:1 IsMainWorldOnly:0
 |   |   |- [+] [  3]
 |   |   |   |- Guid:6BAF4DDD444C60371492D3919DB42C97 BaseClass: NativeClass:/Script/Engine.WorldDataLayers Name:WorldDataLayers Label:WorldDataLayers SpatiallyLoaded:0 Bounds:Invalid RuntimeGrid:None EditorOnly:0 RuntimeOnly:0 HLODRelevant:0 ListedInSceneOutliner:1 IsMainWorldOnly:1
 |   |   |- [+] [  4]
 |   |   |   |- Guid:F5E3FEB3450C49844FD93DA8E083C8AD BaseClass: NativeClass:/Script/Engine.PostProcessVolume Name:PostProcessVolume_0 Label:PostProcessVolume SpatiallyLoaded:0 Bounds:IsValid=true, Min=(X=0.000 Y=0.000 Z=400.000), Max=(X=200.000 Y=200.000 Z=600.000) RuntimeGrid:None EditorOnly:0 RuntimeOnly:0 HLODRelevant:0 ListedInSceneOutliner:1 IsMainWorldOnly:0 FolderPath:Lighting FolderGuid:963EC3EB4002CCE9759E2EBA541A873A
 |- ContainerInstances:
 |- [+] MainContainer:
 |   |-        ID: 00000000000000000000000000000000
 |   |-  ParentID: 00000000000000000000000000000000
 |   |-    Bounds: IsValid=false, Min=(X=0.000 Y=0.000 Z=0.000), Max=(X=0.000 Y=0.000 Z=0.000)
 |   |- Transform: 0.000000,0.000000,0.000000|0.000000,0.000000,-0.000000|1.000000,1.000000,1.000000
 |   |- Container: /Game/Maps/LVL_Match
----------------------------------------------------------------------------------------------------------------
LVL_Match - Persistent Level
----------------------------------------------------------------------------------------------------------------
[+] Content of LVL_Match Persistent Level
 |- Always loaded Actor Count: 5 
 |- Actor Path: /Game/Maps/UEDPIE_0_LVL_Match.LVL_Match:PersistentLevel.BP_DungeaonGenerator_C_UAID_B0227AED52A1F73602_1872382992
 |- Actor Package: /Game/Maps/UEDPIE_0_LVL_Match_InstanceOf_/Game/__ExternalActors__/Maps/LVL_Match/3/KY/J4CS42DLHULLRZ8MWV1X05
 |- Actor Path: /Game/Maps/UEDPIE_0_LVL_Match.LVL_Match:PersistentLevel.PlayerStart_0
 |- Actor Package: /Game/Maps/UEDPIE_0_LVL_Match_InstanceOf_/Game/__ExternalActors__/Maps/LVL_Match/8/C4/05L3C4K244H3LOPEQOKMS1
 |- Actor Path: /Game/Maps/UEDPIE_0_LVL_Match.LVL_Match:PersistentLevel.PostProcessVolume_0
 |- Actor Package: /Game/Maps/UEDPIE_0_LVL_Match_InstanceOf_/Game/__ExternalActors__/Maps/LVL_Match/7/GE/FXLNVIT0252EI7CFJ75QF3
 |- Actor Path: /Game/Maps/UEDPIE_0_LVL_Match.LVL_Match:PersistentLevel.SkyLight_1
 |- Actor Package: /Game/Maps/UEDPIE_0_LVL_Match_InstanceOf_/Game/__ExternalActors__/Maps/LVL_Match/6/C7/5X7CC3WZK2AS6I2TH74P9Y
 |- Actor Path: /Game/Maps/UEDPIE_0_LVL_Match.LVL_Match:PersistentLevel.WorldDataLayers
 |- Actor Package: /Game/Maps/UEDPIE_0_LVL_Match_InstanceOf_/Game/__ExternalActors__/Maps/LVL_Match/3/0W/YDV91G1QRKIA7YZOQ1453O

----------------------------------------------------------------------------------------------------------------
LVL_Match - Runtime Hash Set
----------------------------------------------------------------------------------------------------------------

